----------------------------------------------------------------------------
      name:  <unnamed>
       log:  /Users/zingli/learngit/chnscomm/6m16hlth2_variable_index.log
  log type:  text
 opened on:   1 Feb 2025, 09:07:46

----------------------------------------------------------------------------
commid                                                    COMMUNITY ID: 2006
----------------------------------------------------------------------------

                  Type: Numeric (long)

                 Range: [211101,522404]               Units: 1
         Unique values: 234                       Missing .: 0/5,567

                  Mean:  392581
             Std. dev.: 91475.9

           Percentiles:     10%       25%       50%       75%       90%
                         231201    322304    421102    451202    521203

----------------------------------------------------------------------------
hlthfac  FACILITY NUMBER
----------------------------------------------------------------------------

                  Type: Numeric (byte)

                 Range: [1,7]                         Units: 1
         Unique values: 7                         Missing .: 0/5,567

            Tabulation: Freq.  Value
                        2,030  1
                        1,683  2
                        1,026  3
                          464  4
                          206  5
                          104  6
                           54  7

----------------------------------------------------------------------------
O19   FACILITY TYPE
----------------------------------------------------------------------------

                  Type: Numeric (byte)

                 Range: [1,24]                        Units: 1
         Unique values: 24                        Missing .: 4/5,567

                  Mean: 6.27809
             Std. dev.: 5.57871

           Percentiles:     10%       25%       50%       75%       90%
                              1         2         3         9        14

----------------------------------------------------------------------------
O20    FACILITY LOCATION
----------------------------------------------------------------------------

                  Type: Numeric (byte)

                 Range: [0,9]                         Units: 1
         Unique values: 5                         Missing .: 191/5,567

            Tabulation: Freq.  Value
                            1  0
                        2,263  1
                        2,146  2
                          965  3
                            1  9
                          191  .

----------------------------------------------------------------------------
O21  FACILITY DISTANCE(KM)
----------------------------------------------------------------------------

                  Type: Numeric (double)

                 Range: [0,300.5]                     Units: .01
         Unique values: 119                       Missing .: 215/5,567

                  Mean: 4.17267
             Std. dev.: 11.8234

           Percentiles:     10%       25%       50%       75%       90%
                              0         0         1         3        11

----------------------------------------------------------------------------
O21A  FACILITY BUSINESS HOURS (HOURS/WEEK)
----------------------------------------------------------------------------

                  Type: Numeric (int)

                 Range: [0,168]                       Units: 1
         Unique values: 63                        Missing .: 2,380/5,567

                  Mean: 128.128
             Std. dev.:   51.45

           Percentiles:     10%       25%       50%       75%       90%
                             56        80       168       168       168

----------------------------------------------------------------------------
O21B  FACILITY # OF DOCTORS
----------------------------------------------------------------------------

                  Type: Numeric (int)

                 Range: [-999,9601]                   Units: 1
         Unique values: 226                       Missing .: 2,442/5,567

                  Mean: 148.567
             Std. dev.: 453.145

           Percentiles:     10%       25%       50%       75%       90%
                              1         2        25       165       400

----------------------------------------------------------------------------
O21C  FACILITY # OF HOSPITAL BEDS
----------------------------------------------------------------------------

                  Type: Numeric (int)

                 Range: [-999,9999]                   Units: 1
         Unique values: 165                       Missing .: 2,464/5,567

                  Mean: 167.181
             Std. dev.: 451.492

           Percentiles:     10%       25%       50%       75%       90%
                              0         2        20       200       500

----------------------------------------------------------------------------
O21D  FACILITY REGISTRATION FEE (YUAN)
----------------------------------------------------------------------------

                  Type: Numeric (double)

                 Range: [-9.9,82]                     Units: .1
         Unique values: 35                        Missing .: 2,402/5,567

                  Mean: 1.27482
             Std. dev.: 3.34489

           Percentiles:     10%       25%       50%       75%       90%
                              0         0        .7         2         3

----------------------------------------------------------------------------
wave                                                             SURVEY YEAR
----------------------------------------------------------------------------

                  Type: Numeric (int)

                 Range: [1989,2015]                   Units: 1
         Unique values: 10                        Missing .: 0/5,567

                  Mean: 2001.21
             Std. dev.: 8.52216

           Percentiles:     10%       25%       50%       75%       90%
                           1991      1993      2000      2009      2015

----------------------------------------------------------------------------
faccode                                 1=EXISTING, 2=NEW, 3=CLOSED/REPLACED
----------------------------------------------------------------------------

                  Type: Numeric (byte)

                 Range: [1,3]                         Units: 1
         Unique values: 3                         Missing .: 0/5,567

            Tabulation: Freq.  Value
                        5,373  1
                          176  2
                           18  3

----------------------------------------------------------------------------
O232                                         NEW FACILITY YEAR OPENED (YYYY)
----------------------------------------------------------------------------

                  Type: Numeric (int)

                 Range: [-999,2015]                   Units: 1
         Unique values: 19                        Missing .: 5,391/5,567

                  Mean: 1898.01
             Std. dev.: 545.832

           Percentiles:     10%       25%       50%       75%       90%
                           1994      1997    1999.5      2003      2009

----------------------------------------------------------------------------
O239                                               CLOSED FACILITY REPLACED?
----------------------------------------------------------------------------

                  Type: Numeric (byte)

                 Range: [0,1]                         Units: 1
         Unique values: 2                         Missing .: 5,549/5,567

            Tabulation: Freq.  Value
                            8  0
                           10  1
                        5,549  .

----------------------------------------------------------------------------
O240                                   CLOSED FACILITY TYPE AFTER REPLACEMNT
----------------------------------------------------------------------------

                  Type: Numeric (byte)

                 Range: [1,6]                         Units: 1
         Unique values: 2                         Missing .: 5,557/5,567

            Tabulation: Freq.  Value
                            8  1
                            2  6
                        5,557  .

----------------------------------------------------------------------------
O243                                      CLOSED FACILITY YEAR CLOSED (YYYY)
----------------------------------------------------------------------------

                  Type: Numeric (int)

                 Range: [1999,2015]                   Units: 1
         Unique values: 6                         Missing .: 5,553/5,567

            Tabulation: Freq.  Value
                            2  1999
                            2  2000
                            4  2002
                            2  2003
                            2  2005
                            2  2015
                        5,553  .

----------------------------------------------------------------------------
T1                                                                  province
----------------------------------------------------------------------------

                  Type: Numeric (byte)

                 Range: [21,52]                       Units: 1
         Unique values: 9                         Missing .: 0/5,567

            Tabulation: Freq.  Value
                          498  21
                          342  23
                          672  32
                          586  37
                          633  41
                          628  42
                          670  43
                          730  45
                          808  52

----------------------------------------------------------------------------
T2                                           1=URBAN SITE(U) 2=RURAL SITE(R)
----------------------------------------------------------------------------

                  Type: Numeric (byte)

                 Range: [1,2]                         Units: 1
         Unique values: 2                         Missing .: 0/5,567

            Tabulation: Freq.  Value
                        1,976  1
                        3,591  2

----------------------------------------------------------------------------
T3                                           U:1-2=CITY NUM/R:1-4=COUNTY NUM
----------------------------------------------------------------------------

                  Type: Numeric (byte)

                 Range: [1,4]                         Units: 1
         Unique values: 4                         Missing .: 0/5,567

            Tabulation: Freq.  Value
                        1,875  1
                        2,000  2
                          895  3
                          797  4

----------------------------------------------------------------------------
T4                                  U:1256=URB 3478=SUB/R:15=TWN 2-4,6-8=VIL
----------------------------------------------------------------------------

                  Type: Numeric (byte)

                 Range: [1,9]                         Units: 1
         Unique values: 9                         Missing .: 0/5,567

            Tabulation: Freq.  Value
                        1,295  1
                        1,327  2
                        1,387  3
                        1,241  4
                          126  5
                           58  6
                           22  7
                           91  8
                           20  9

----------------------------------------------------------------------------
O22   MOST OFTEN USED?
----------------------------------------------------------------------------

                  Type: Numeric (byte)

                 Range: [0,1]                         Units: 1
         Unique values: 2                         Missing .: 3,256/5,567

            Tabulation: Freq.  Value
                          848  0
                        1,463  1
                        3,256  .
                                                               Obs<.
                                                +---------------------------
> ---
               |                                | Unique
      Variable |     Obs=.     Obs>.     Obs<.  | values        Min         
> Max
  -------------+--------------------------------+---------------------------
> ---
           O19 |         4               5,563  |     24          1         
>  24
           O20 |       191               5,376  |      5          0         
>   9
           O21 |       215               5,352  |    119          0       30
> 0.5
          O21A |     2,380               3,187  |     63          0         
> 168
          O21B |     2,442               3,125  |    226       -999        9
> 601
          O21C |     2,464               3,103  |    165       -999        9
> 999
          O21D |     2,402               3,165  |     35       -9.9         
>  82
          O232 |     5,391                 176  |     19       -999        2
> 015
          O239 |     5,549                  18  |      2          0         
>   1
          O240 |     5,557                  10  |      2          1         
>   6
          O243 |     5,553                  14  |      6       1999        2
> 015
           O22 |     3,256               2,311  |      2          0         
>   1
  --------------------------------------------------------------------------
> ---

----------------------------------------------------------------------------
-> wave = 1989

    Variable |         N
-------------+----------
      commid |       549
------------------------

----------------------------------------------------------------------------
-> wave = 1991

    Variable |         N
-------------+----------
      commid |       616
------------------------

----------------------------------------------------------------------------
-> wave = 1993

    Variable |         N
-------------+----------
      commid |       539
------------------------

----------------------------------------------------------------------------
-> wave = 1997

    Variable |         N
-------------+----------
      commid |       607
------------------------

----------------------------------------------------------------------------
-> wave = 2000

    Variable |         N
-------------+----------
      commid |       667
------------------------

----------------------------------------------------------------------------
-> wave = 2004

    Variable |         N
-------------+----------
      commid |       591
------------------------

----------------------------------------------------------------------------
-> wave = 2006

    Variable |         N
-------------+----------
      commid |       379
------------------------

----------------------------------------------------------------------------
-> wave = 2009

    Variable |         N
-------------+----------
      commid |       586
------------------------

----------------------------------------------------------------------------
-> wave = 2011

    Variable |         N
-------------+----------
      commid |       373
------------------------

----------------------------------------------------------------------------
-> wave = 2015

    Variable |         N
-------------+----------
      commid |       660
------------------------
Wave 660: Variable commid has . valid values

----------------------------------------------------------------------------
-> wave = 1989

    Variable |         N
-------------+----------
     hlthfac |       549
------------------------

----------------------------------------------------------------------------
-> wave = 1991

    Variable |         N
-------------+----------
     hlthfac |       616
------------------------

----------------------------------------------------------------------------
-> wave = 1993

    Variable |         N
-------------+----------
     hlthfac |       539
------------------------

----------------------------------------------------------------------------
-> wave = 1997

    Variable |         N
-------------+----------
     hlthfac |       607
------------------------

----------------------------------------------------------------------------
-> wave = 2000

    Variable |         N
-------------+----------
     hlthfac |       667
------------------------

----------------------------------------------------------------------------
-> wave = 2004

    Variable |         N
-------------+----------
     hlthfac |       591
------------------------

----------------------------------------------------------------------------
-> wave = 2006

    Variable |         N
-------------+----------
     hlthfac |       379
------------------------

----------------------------------------------------------------------------
-> wave = 2009

    Variable |         N
-------------+----------
     hlthfac |       586
------------------------

----------------------------------------------------------------------------
-> wave = 2011

    Variable |         N
-------------+----------
     hlthfac |       373
------------------------

----------------------------------------------------------------------------
-> wave = 2015

    Variable |         N
-------------+----------
     hlthfac |       660
------------------------
Wave 660: Variable hlthfac has . valid values

----------------------------------------------------------------------------
-> wave = 1989

    Variable |         N
-------------+----------
         O19 |       549
------------------------

----------------------------------------------------------------------------
-> wave = 1991

    Variable |         N
-------------+----------
         O19 |       616
------------------------

----------------------------------------------------------------------------
-> wave = 1993

    Variable |         N
-------------+----------
         O19 |       539
------------------------

----------------------------------------------------------------------------
-> wave = 1997

    Variable |         N
-------------+----------
         O19 |       607
------------------------

----------------------------------------------------------------------------
-> wave = 2000

    Variable |         N
-------------+----------
         O19 |       666
------------------------

----------------------------------------------------------------------------
-> wave = 2004

    Variable |         N
-------------+----------
         O19 |       590
------------------------

----------------------------------------------------------------------------
-> wave = 2006

    Variable |         N
-------------+----------
         O19 |       379
------------------------

----------------------------------------------------------------------------
-> wave = 2009

    Variable |         N
-------------+----------
         O19 |       585
------------------------

----------------------------------------------------------------------------
-> wave = 2011

    Variable |         N
-------------+----------
         O19 |       373
------------------------

----------------------------------------------------------------------------
-> wave = 2015

    Variable |         N
-------------+----------
         O19 |       659
------------------------
Wave 659: Variable O19 has . valid values

----------------------------------------------------------------------------
-> wave = 1989

    Variable |         N
-------------+----------
         O20 |       549
------------------------

----------------------------------------------------------------------------
-> wave = 1991

    Variable |         N
-------------+----------
         O20 |       616
------------------------

----------------------------------------------------------------------------
-> wave = 1993

    Variable |         N
-------------+----------
         O20 |       539
------------------------

----------------------------------------------------------------------------
-> wave = 1997

    Variable |         N
-------------+----------
         O20 |       607
------------------------

----------------------------------------------------------------------------
-> wave = 2000

    Variable |         N
-------------+----------
         O20 |       608
------------------------

----------------------------------------------------------------------------
-> wave = 2004

    Variable |         N
-------------+----------
         O20 |       557
------------------------

----------------------------------------------------------------------------
-> wave = 2006

    Variable |         N
-------------+----------
         O20 |       373
------------------------

----------------------------------------------------------------------------
-> wave = 2009

    Variable |         N
-------------+----------
         O20 |       552
------------------------

----------------------------------------------------------------------------
-> wave = 2011

    Variable |         N
-------------+----------
         O20 |       367
------------------------

----------------------------------------------------------------------------
-> wave = 2015

    Variable |         N
-------------+----------
         O20 |       608
------------------------
Wave 608: Variable O20 has . valid values

----------------------------------------------------------------------------
-> wave = 1989

    Variable |         N
-------------+----------
         O21 |       549
------------------------

----------------------------------------------------------------------------
-> wave = 1991

    Variable |         N
-------------+----------
         O21 |       616
------------------------

----------------------------------------------------------------------------
-> wave = 1993

    Variable |         N
-------------+----------
         O21 |       539
------------------------

----------------------------------------------------------------------------
-> wave = 1997

    Variable |         N
-------------+----------
         O21 |       607
------------------------

----------------------------------------------------------------------------
-> wave = 2000

    Variable |         N
-------------+----------
         O21 |       598
------------------------

----------------------------------------------------------------------------
-> wave = 2004

    Variable |         N
-------------+----------
         O21 |       558
------------------------

----------------------------------------------------------------------------
-> wave = 2006

    Variable |         N
-------------+----------
         O21 |       370
------------------------

----------------------------------------------------------------------------
-> wave = 2009

    Variable |         N
-------------+----------
         O21 |       553
------------------------

----------------------------------------------------------------------------
-> wave = 2011

    Variable |         N
-------------+----------
         O21 |       364
------------------------

----------------------------------------------------------------------------
-> wave = 2015

    Variable |         N
-------------+----------
         O21 |       598
------------------------
Wave 598: Variable O21 has . valid values

----------------------------------------------------------------------------
-> wave = 1989

    Variable |         N
-------------+----------
        O21A |         0
------------------------

----------------------------------------------------------------------------
-> wave = 1991

    Variable |         N
-------------+----------
        O21A |         0
------------------------

----------------------------------------------------------------------------
-> wave = 1993

    Variable |         N
-------------+----------
        O21A |         0
------------------------

----------------------------------------------------------------------------
-> wave = 1997

    Variable |         N
-------------+----------
        O21A |         0
------------------------

----------------------------------------------------------------------------
-> wave = 2000

    Variable |         N
-------------+----------
        O21A |       638
------------------------

----------------------------------------------------------------------------
-> wave = 2004

    Variable |         N
-------------+----------
        O21A |       584
------------------------

----------------------------------------------------------------------------
-> wave = 2006

    Variable |         N
-------------+----------
        O21A |       377
------------------------

----------------------------------------------------------------------------
-> wave = 2009

    Variable |         N
-------------+----------
        O21A |       579
------------------------

----------------------------------------------------------------------------
-> wave = 2011

    Variable |         N
-------------+----------
        O21A |       371
------------------------

----------------------------------------------------------------------------
-> wave = 2015

    Variable |         N
-------------+----------
        O21A |       638
------------------------
Wave 638: Variable O21A has . valid values

----------------------------------------------------------------------------
-> wave = 1989

    Variable |         N
-------------+----------
        O21B |         0
------------------------

----------------------------------------------------------------------------
-> wave = 1991

    Variable |         N
-------------+----------
        O21B |         0
------------------------

----------------------------------------------------------------------------
-> wave = 1993

    Variable |         N
-------------+----------
        O21B |         0
------------------------

----------------------------------------------------------------------------
-> wave = 1997

    Variable |         N
-------------+----------
        O21B |         0
------------------------

----------------------------------------------------------------------------
-> wave = 2000

    Variable |         N
-------------+----------
        O21B |       633
------------------------

----------------------------------------------------------------------------
-> wave = 2004

    Variable |         N
-------------+----------
        O21B |       572
------------------------

----------------------------------------------------------------------------
-> wave = 2006

    Variable |         N
-------------+----------
        O21B |       363
------------------------

----------------------------------------------------------------------------
-> wave = 2009

    Variable |         N
-------------+----------
        O21B |       567
------------------------

----------------------------------------------------------------------------
-> wave = 2011

    Variable |         N
-------------+----------
        O21B |       357
------------------------

----------------------------------------------------------------------------
-> wave = 2015

    Variable |         N
-------------+----------
        O21B |       633
------------------------
Wave 633: Variable O21B has . valid values

----------------------------------------------------------------------------
-> wave = 1989

    Variable |         N
-------------+----------
        O21C |         0
------------------------

----------------------------------------------------------------------------
-> wave = 1991

    Variable |         N
-------------+----------
        O21C |         0
------------------------

----------------------------------------------------------------------------
-> wave = 1993

    Variable |         N
-------------+----------
        O21C |         0
------------------------

----------------------------------------------------------------------------
-> wave = 1997

    Variable |         N
-------------+----------
        O21C |         0
------------------------

----------------------------------------------------------------------------
-> wave = 2000

    Variable |         N
-------------+----------
        O21C |       625
------------------------

----------------------------------------------------------------------------
-> wave = 2004

    Variable |         N
-------------+----------
        O21C |       572
------------------------

----------------------------------------------------------------------------
-> wave = 2006

    Variable |         N
-------------+----------
        O21C |       360
------------------------

----------------------------------------------------------------------------
-> wave = 2009

    Variable |         N
-------------+----------
        O21C |       567
------------------------

----------------------------------------------------------------------------
-> wave = 2011

    Variable |         N
-------------+----------
        O21C |       354
------------------------

----------------------------------------------------------------------------
-> wave = 2015

    Variable |         N
-------------+----------
        O21C |       625
------------------------
Wave 625: Variable O21C has . valid values

----------------------------------------------------------------------------
-> wave = 1989

    Variable |         N
-------------+----------
        O21D |         0
------------------------

----------------------------------------------------------------------------
-> wave = 1991

    Variable |         N
-------------+----------
        O21D |         0
------------------------

----------------------------------------------------------------------------
-> wave = 1993

    Variable |         N
-------------+----------
        O21D |         0
------------------------

----------------------------------------------------------------------------
-> wave = 1997

    Variable |         N
-------------+----------
        O21D |         0
------------------------

----------------------------------------------------------------------------
-> wave = 2000

    Variable |         N
-------------+----------
        O21D |       635
------------------------

----------------------------------------------------------------------------
-> wave = 2004

    Variable |         N
-------------+----------
        O21D |       586
------------------------

----------------------------------------------------------------------------
-> wave = 2006

    Variable |         N
-------------+----------
        O21D |       367
------------------------

----------------------------------------------------------------------------
-> wave = 2009

    Variable |         N
-------------+----------
        O21D |       581
------------------------

----------------------------------------------------------------------------
-> wave = 2011

    Variable |         N
-------------+----------
        O21D |       361
------------------------

----------------------------------------------------------------------------
-> wave = 2015

    Variable |         N
-------------+----------
        O21D |       635
------------------------
Wave 635: Variable O21D has . valid values

----------------------------------------------------------------------------
-> wave = 1989

    Variable |         N
-------------+----------
        wave |       549
------------------------

----------------------------------------------------------------------------
-> wave = 1991

    Variable |         N
-------------+----------
        wave |       616
------------------------

----------------------------------------------------------------------------
-> wave = 1993

    Variable |         N
-------------+----------
        wave |       539
------------------------

----------------------------------------------------------------------------
-> wave = 1997

    Variable |         N
-------------+----------
        wave |       607
------------------------

----------------------------------------------------------------------------
-> wave = 2000

    Variable |         N
-------------+----------
        wave |       667
------------------------

----------------------------------------------------------------------------
-> wave = 2004

    Variable |         N
-------------+----------
        wave |       591
------------------------

----------------------------------------------------------------------------
-> wave = 2006

    Variable |         N
-------------+----------
        wave |       379
------------------------

----------------------------------------------------------------------------
-> wave = 2009

    Variable |         N
-------------+----------
        wave |       586
------------------------

----------------------------------------------------------------------------
-> wave = 2011

    Variable |         N
-------------+----------
        wave |       373
------------------------

----------------------------------------------------------------------------
-> wave = 2015

    Variable |         N
-------------+----------
        wave |       660
------------------------
Wave 660: Variable wave has . valid values

----------------------------------------------------------------------------
-> wave = 1989

    Variable |         N
-------------+----------
     faccode |       549
------------------------

----------------------------------------------------------------------------
-> wave = 1991

    Variable |         N
-------------+----------
     faccode |       616
------------------------

----------------------------------------------------------------------------
-> wave = 1993

    Variable |         N
-------------+----------
     faccode |       539
------------------------

----------------------------------------------------------------------------
-> wave = 1997

    Variable |         N
-------------+----------
     faccode |       607
------------------------

----------------------------------------------------------------------------
-> wave = 2000

    Variable |         N
-------------+----------
     faccode |       667
------------------------

----------------------------------------------------------------------------
-> wave = 2004

    Variable |         N
-------------+----------
     faccode |       591
------------------------

----------------------------------------------------------------------------
-> wave = 2006

    Variable |         N
-------------+----------
     faccode |       379
------------------------

----------------------------------------------------------------------------
-> wave = 2009

    Variable |         N
-------------+----------
     faccode |       586
------------------------

----------------------------------------------------------------------------
-> wave = 2011

    Variable |         N
-------------+----------
     faccode |       373
------------------------

----------------------------------------------------------------------------
-> wave = 2015

    Variable |         N
-------------+----------
     faccode |       660
------------------------
Wave 660: Variable faccode has . valid values

----------------------------------------------------------------------------
-> wave = 1989

    Variable |         N
-------------+----------
        O232 |         0
------------------------

----------------------------------------------------------------------------
-> wave = 1991

    Variable |         N
-------------+----------
        O232 |         0
------------------------

----------------------------------------------------------------------------
-> wave = 1993

    Variable |         N
-------------+----------
        O232 |         0
------------------------

----------------------------------------------------------------------------
-> wave = 1997

    Variable |         N
-------------+----------
        O232 |         0
------------------------

----------------------------------------------------------------------------
-> wave = 2000

    Variable |         N
-------------+----------
        O232 |        49
------------------------

----------------------------------------------------------------------------
-> wave = 2004

    Variable |         N
-------------+----------
        O232 |        33
------------------------

----------------------------------------------------------------------------
-> wave = 2006

    Variable |         N
-------------+----------
        O232 |         6
------------------------

----------------------------------------------------------------------------
-> wave = 2009

    Variable |         N
-------------+----------
        O232 |        33
------------------------

----------------------------------------------------------------------------
-> wave = 2011

    Variable |         N
-------------+----------
        O232 |         6
------------------------

----------------------------------------------------------------------------
-> wave = 2015

    Variable |         N
-------------+----------
        O232 |        49
------------------------
Wave 49: Variable O232 has . valid values

----------------------------------------------------------------------------
-> wave = 1989

    Variable |         N
-------------+----------
        O239 |         0
------------------------

----------------------------------------------------------------------------
-> wave = 1991

    Variable |         N
-------------+----------
        O239 |         0
------------------------

----------------------------------------------------------------------------
-> wave = 1993

    Variable |         N
-------------+----------
        O239 |         0
------------------------

----------------------------------------------------------------------------
-> wave = 1997

    Variable |         N
-------------+----------
        O239 |         0
------------------------

----------------------------------------------------------------------------
-> wave = 2000

    Variable |         N
-------------+----------
        O239 |         3
------------------------

----------------------------------------------------------------------------
-> wave = 2004

    Variable |         N
-------------+----------
        O239 |         5
------------------------

----------------------------------------------------------------------------
-> wave = 2006

    Variable |         N
-------------+----------
        O239 |         1
------------------------

----------------------------------------------------------------------------
-> wave = 2009

    Variable |         N
-------------+----------
        O239 |         5
------------------------

----------------------------------------------------------------------------
-> wave = 2011

    Variable |         N
-------------+----------
        O239 |         1
------------------------

----------------------------------------------------------------------------
-> wave = 2015

    Variable |         N
-------------+----------
        O239 |         3
------------------------
Wave 3: Variable O239 has . valid values

----------------------------------------------------------------------------
-> wave = 1989

    Variable |         N
-------------+----------
        O240 |         0
------------------------

----------------------------------------------------------------------------
-> wave = 1991

    Variable |         N
-------------+----------
        O240 |         0
------------------------

----------------------------------------------------------------------------
-> wave = 1993

    Variable |         N
-------------+----------
        O240 |         0
------------------------

----------------------------------------------------------------------------
-> wave = 1997

    Variable |         N
-------------+----------
        O240 |         0
------------------------

----------------------------------------------------------------------------
-> wave = 2000

    Variable |         N
-------------+----------
        O240 |         0
------------------------

----------------------------------------------------------------------------
-> wave = 2004

    Variable |         N
-------------+----------
        O240 |         4
------------------------

----------------------------------------------------------------------------
-> wave = 2006

    Variable |         N
-------------+----------
        O240 |         1
------------------------

----------------------------------------------------------------------------
-> wave = 2009

    Variable |         N
-------------+----------
        O240 |         4
------------------------

----------------------------------------------------------------------------
-> wave = 2011

    Variable |         N
-------------+----------
        O240 |         1
------------------------

----------------------------------------------------------------------------
-> wave = 2015

    Variable |         N
-------------+----------
        O240 |         0
------------------------
Wave 0: Variable O240 has . valid values

----------------------------------------------------------------------------
-> wave = 1989

    Variable |         N
-------------+----------
        O243 |         0
------------------------

----------------------------------------------------------------------------
-> wave = 1991

    Variable |         N
-------------+----------
        O243 |         0
------------------------

----------------------------------------------------------------------------
-> wave = 1993

    Variable |         N
-------------+----------
        O243 |         0
------------------------

----------------------------------------------------------------------------
-> wave = 1997

    Variable |         N
-------------+----------
        O243 |         0
------------------------

----------------------------------------------------------------------------
-> wave = 2000

    Variable |         N
-------------+----------
        O243 |         1
------------------------

----------------------------------------------------------------------------
-> wave = 2004

    Variable |         N
-------------+----------
        O243 |         5
------------------------

----------------------------------------------------------------------------
-> wave = 2006

    Variable |         N
-------------+----------
        O243 |         1
------------------------

----------------------------------------------------------------------------
-> wave = 2009

    Variable |         N
-------------+----------
        O243 |         5
------------------------

----------------------------------------------------------------------------
-> wave = 2011

    Variable |         N
-------------+----------
        O243 |         1
------------------------

----------------------------------------------------------------------------
-> wave = 2015

    Variable |         N
-------------+----------
        O243 |         1
------------------------
Wave 1: Variable O243 has . valid values

----------------------------------------------------------------------------
-> wave = 1989

    Variable |         N
-------------+----------
          T1 |       549
------------------------

----------------------------------------------------------------------------
-> wave = 1991

    Variable |         N
-------------+----------
          T1 |       616
------------------------

----------------------------------------------------------------------------
-> wave = 1993

    Variable |         N
-------------+----------
          T1 |       539
------------------------

----------------------------------------------------------------------------
-> wave = 1997

    Variable |         N
-------------+----------
          T1 |       607
------------------------

----------------------------------------------------------------------------
-> wave = 2000

    Variable |         N
-------------+----------
          T1 |       667
------------------------

----------------------------------------------------------------------------
-> wave = 2004

    Variable |         N
-------------+----------
          T1 |       591
------------------------

----------------------------------------------------------------------------
-> wave = 2006

    Variable |         N
-------------+----------
          T1 |       379
------------------------

----------------------------------------------------------------------------
-> wave = 2009

    Variable |         N
-------------+----------
          T1 |       586
------------------------

----------------------------------------------------------------------------
-> wave = 2011

    Variable |         N
-------------+----------
          T1 |       373
------------------------

----------------------------------------------------------------------------
-> wave = 2015

    Variable |         N
-------------+----------
          T1 |       660
------------------------
Wave 660: Variable T1 has . valid values

----------------------------------------------------------------------------
-> wave = 1989

    Variable |         N
-------------+----------
          T2 |       549
------------------------

----------------------------------------------------------------------------
-> wave = 1991

    Variable |         N
-------------+----------
          T2 |       616
------------------------

----------------------------------------------------------------------------
-> wave = 1993

    Variable |         N
-------------+----------
          T2 |       539
------------------------

----------------------------------------------------------------------------
-> wave = 1997

    Variable |         N
-------------+----------
          T2 |       607
------------------------

----------------------------------------------------------------------------
-> wave = 2000

    Variable |         N
-------------+----------
          T2 |       667
------------------------

----------------------------------------------------------------------------
-> wave = 2004

    Variable |         N
-------------+----------
          T2 |       591
------------------------

----------------------------------------------------------------------------
-> wave = 2006

    Variable |         N
-------------+----------
          T2 |       379
------------------------

----------------------------------------------------------------------------
-> wave = 2009

    Variable |         N
-------------+----------
          T2 |       586
------------------------

----------------------------------------------------------------------------
-> wave = 2011

    Variable |         N
-------------+----------
          T2 |       373
------------------------

----------------------------------------------------------------------------
-> wave = 2015

    Variable |         N
-------------+----------
          T2 |       660
------------------------
Wave 660: Variable T2 has . valid values

----------------------------------------------------------------------------
-> wave = 1989

    Variable |         N
-------------+----------
          T3 |       549
------------------------

----------------------------------------------------------------------------
-> wave = 1991

    Variable |         N
-------------+----------
          T3 |       616
------------------------

----------------------------------------------------------------------------
-> wave = 1993

    Variable |         N
-------------+----------
          T3 |       539
------------------------

----------------------------------------------------------------------------
-> wave = 1997

    Variable |         N
-------------+----------
          T3 |       607
------------------------

----------------------------------------------------------------------------
-> wave = 2000

    Variable |         N
-------------+----------
          T3 |       667
------------------------

----------------------------------------------------------------------------
-> wave = 2004

    Variable |         N
-------------+----------
          T3 |       591
------------------------

----------------------------------------------------------------------------
-> wave = 2006

    Variable |         N
-------------+----------
          T3 |       379
------------------------

----------------------------------------------------------------------------
-> wave = 2009

    Variable |         N
-------------+----------
          T3 |       586
------------------------

----------------------------------------------------------------------------
-> wave = 2011

    Variable |         N
-------------+----------
          T3 |       373
------------------------

----------------------------------------------------------------------------
-> wave = 2015

    Variable |         N
-------------+----------
          T3 |       660
------------------------
Wave 660: Variable T3 has . valid values

----------------------------------------------------------------------------
-> wave = 1989

    Variable |         N
-------------+----------
          T4 |       549
------------------------

----------------------------------------------------------------------------
-> wave = 1991

    Variable |         N
-------------+----------
          T4 |       616
------------------------

----------------------------------------------------------------------------
-> wave = 1993

    Variable |         N
-------------+----------
          T4 |       539
------------------------

----------------------------------------------------------------------------
-> wave = 1997

    Variable |         N
-------------+----------
          T4 |       607
------------------------

----------------------------------------------------------------------------
-> wave = 2000

    Variable |         N
-------------+----------
          T4 |       667
------------------------

----------------------------------------------------------------------------
-> wave = 2004

    Variable |         N
-------------+----------
          T4 |       591
------------------------

----------------------------------------------------------------------------
-> wave = 2006

    Variable |         N
-------------+----------
          T4 |       379
------------------------

----------------------------------------------------------------------------
-> wave = 2009

    Variable |         N
-------------+----------
          T4 |       586
------------------------

----------------------------------------------------------------------------
-> wave = 2011

    Variable |         N
-------------+----------
          T4 |       373
------------------------

----------------------------------------------------------------------------
-> wave = 2015

    Variable |         N
-------------+----------
          T4 |       660
------------------------
Wave 660: Variable T4 has . valid values

----------------------------------------------------------------------------
-> wave = 1989

    Variable |         N
-------------+----------
         O22 |       549
------------------------

----------------------------------------------------------------------------
-> wave = 1991

    Variable |         N
-------------+----------
         O22 |       616
------------------------

----------------------------------------------------------------------------
-> wave = 1993

    Variable |         N
-------------+----------
         O22 |       539
------------------------

----------------------------------------------------------------------------
-> wave = 1997

    Variable |         N
-------------+----------
         O22 |       607
------------------------

----------------------------------------------------------------------------
-> wave = 2000

    Variable |         N
-------------+----------
         O22 |         0
------------------------

----------------------------------------------------------------------------
-> wave = 2004

    Variable |         N
-------------+----------
         O22 |         0
------------------------

----------------------------------------------------------------------------
-> wave = 2006

    Variable |         N
-------------+----------
         O22 |         0
------------------------

----------------------------------------------------------------------------
-> wave = 2009

    Variable |         N
-------------+----------
         O22 |         0
------------------------

----------------------------------------------------------------------------
-> wave = 2011

    Variable |         N
-------------+----------
         O22 |         0
------------------------

----------------------------------------------------------------------------
-> wave = 2015

    Variable |         N
-------------+----------
         O22 |         0
------------------------
Wave 0: Variable O22 has . valid values
      name:  <unnamed>
       log:  /Users/zingli/learngit/chnscomm/6m16hlth2_variable_index.log
  log type:  text
 closed on:   1 Feb 2025, 09:07:46
----------------------------------------------------------------------------
